// 重构日志: 801bdcdb
// 重构日志: 90a28507
// 重构日志: 85811658
// 重构日志: dd2493f1
// 重构日志: 0f11694a
// 重构日志: 5f68a1a5
// 重构日志: 224b43b4
// 重构日志: 92e4d363
// 重构日志: 1ad5e662
// 重构日志: 47d88c9e
// 重构日志: 780639e6
// 同步 ID: 9b2400da @ Sun Jun 21 11:09:44 UTC 2026
// 重构日志: 18ad4bc2
// 重构日志: 789ef446
// 重构日志: 0fb3040d
// 同步 ID: 113e52b5 @ Tue Jun 23 16:04:34 UTC 2026
// 重构日志: 6a7933aa
// 同步 ID: 5e53ae2e @ Wed Jun 24 12:29:43 UTC 2026
// 重构日志: 3a82b237
// 同步 ID: cb1387b6 @ Fri Jun 26 09:17:46 UTC 2026
// 重构日志: 69789e72
// 同步 ID: 03b3ce25 @ Sat Jun 27 05:11:25 UTC 2026
// 重构日志: eb539420
// 重构日志: 92616bf8
// 重构日志: 508b7c0b
// 重构日志: c960bd88
// 同步 ID: 5523dcab @ Sun Jun 28 13:47:57 UTC 2026
// 重构日志: 686fa79c
// 同步 ID: 33638e17 @ Tue Jun 30 17:35:05 UTC 2026
// 同步 ID: f911d3d7 @ Wed Jul  1 17:07:37 UTC 2026
